mode: set
campyuk-api/features/user/services/service.go:19.45,24.2 1 1
campyuk-api/features/user/services/service.go:26.72,28.16 2 1
campyuk-api/features/user/services/service.go:33.2,34.16 2 1
campyuk-api/features/user/services/service.go:39.2,41.16 3 1
campyuk-api/features/user/services/service.go:53.2,53.17 1 1
campyuk-api/features/user/services/service.go:28.16,31.3 2 0
campyuk-api/features/user/services/service.go:34.16,37.3 2 0
campyuk-api/features/user/services/service.go:41.16,43.50 2 1
campyuk-api/features/user/services/service.go:50.3,50.38 1 1
campyuk-api/features/user/services/service.go:43.50,45.4 1 1
campyuk-api/features/user/services/service.go:45.9,45.52 1 1
campyuk-api/features/user/services/service.go:45.52,47.4 1 1
campyuk-api/features/user/services/service.go:47.9,49.4 1 1
campyuk-api/features/user/services/service.go:56.82,58.16 2 1
campyuk-api/features/user/services/service.go:68.2,68.69 1 1
campyuk-api/features/user/services/service.go:73.2,74.27 2 1
campyuk-api/features/user/services/service.go:58.16,60.45 2 1
campyuk-api/features/user/services/service.go:65.3,65.42 1 1
campyuk-api/features/user/services/service.go:60.45,62.4 1 1
campyuk-api/features/user/services/service.go:62.9,64.4 1 1
campyuk-api/features/user/services/service.go:68.69,71.3 2 0
campyuk-api/features/user/services/service.go:77.71,79.13 2 0
campyuk-api/features/user/services/service.go:83.2,84.16 2 0
campyuk-api/features/user/services/service.go:89.2,89.17 1 0
campyuk-api/features/user/services/service.go:79.13,81.3 1 0
campyuk-api/features/user/services/service.go:84.16,87.3 2 0
campyuk-api/features/user/services/service.go:92.123,94.31 2 0
campyuk-api/features/user/services/service.go:98.2,98.24 1 0
campyuk-api/features/user/services/service.go:117.2,118.16 2 0
campyuk-api/features/user/services/service.go:128.2,128.25 1 0
campyuk-api/features/user/services/service.go:136.2,136.17 1 0
campyuk-api/features/user/services/service.go:94.31,97.3 2 0
campyuk-api/features/user/services/service.go:98.24,99.30 1 0
campyuk-api/features/user/services/service.go:102.3,104.17 3 0
campyuk-api/features/user/services/service.go:114.3,114.35 1 0
campyuk-api/features/user/services/service.go:99.30,101.4 1 0
campyuk-api/features/user/services/service.go:104.17,107.52 3 0
campyuk-api/features/user/services/service.go:112.4,112.39 1 0
campyuk-api/features/user/services/service.go:107.52,109.5 1 0
campyuk-api/features/user/services/service.go:109.10,111.5 1 0
campyuk-api/features/user/services/service.go:118.16,120.49 2 0
campyuk-api/features/user/services/service.go:125.3,125.38 1 0
campyuk-api/features/user/services/service.go:120.49,122.4 1 0
campyuk-api/features/user/services/service.go:122.9,124.4 1 0
campyuk-api/features/user/services/service.go:128.25,130.54 2 0
campyuk-api/features/user/services/service.go:130.54,133.4 2 0
campyuk-api/features/user/services/service.go:139.57,143.16 3 0
campyuk-api/features/user/services/service.go:148.2,148.12 1 0
campyuk-api/features/user/services/service.go:143.16,146.3 2 0
